<?xml version="1.0" encoding="UTF-8"?>
<testng-results skipped="0" failed="0" ignored="0" total="0" passed="0">
  <reporter-output>
  </reporter-output>
  <suite name="eBay API Automation Script " duration-ms="4" started-at="2019-01-05T15:39:11Z" finished-at="2019-01-05T15:39:11Z">
    <groups>
    </groups>
    <test name="Search Test" duration-ms="4" started-at="2019-01-05T15:39:11Z" finished-at="2019-01-05T15:39:11Z">
    </test> <!-- Search Test -->
  </suite> <!-- eBay API Automation Script  -->
</testng-results>
